<?xml version="1.0" encoding="UTF-8"?>
<!-- Generated by org.testng.reporters.JUnitXMLReporter -->
<testsuite hostname="L-000613" name="Default test" tests="1" failures="1" timestamp="8 Aug 2016 08:39:16 GMT" time="21.574" errors="0">
  <testcase name="f" time="7.877" classname="test.LoginU">
    <failure type="java.lang.AssertionError" message="You are logged in.">
      <![CDATA[java.lang.AssertionError: You are logged in.
	at test.LoginU.f(LoginU.java:33)
... Removed 25 stack frames]]>
    </failure>
  </testcase> <!-- f -->
</testsuite> <!-- Default test -->
