<?xml version="1.0" encoding="UTF-8"?>
<testng-results skipped="0" failed="0" total="2" passed="2">
  <reporter-output>
  </reporter-output>
  <suite name="Default suite" duration-ms="45123" started-at="2016-08-04T14:44:25Z" finished-at="2016-08-04T14:45:10Z">
    <groups>
    </groups>
    <test name="Default test" duration-ms="45123" started-at="2016-08-04T14:44:25Z" finished-at="2016-08-04T14:45:10Z">
      <class name="test.Test1">
        <test-method status="PASS" signature="setUp()[pri:0, instance:test.Test1@6d8a00e3]" name="setUp" is-config="true" duration-ms="27750" started-at="2016-08-04T16:44:25Z" finished-at="2016-08-04T16:44:53Z">
          <reporter-output>
          </reporter-output>
        </test-method> <!-- setUp -->
        <test-method status="PASS" signature="TestGoogle()[pri:0, instance:test.Test1@6d8a00e3]" name="TestGoogle" duration-ms="17150" started-at="2016-08-04T16:44:53Z" finished-at="2016-08-04T16:45:10Z">
          <reporter-output>
          </reporter-output>
        </test-method> <!-- TestGoogle -->
        <test-method status="PASS" signature="f()[pri:0, instance:test.Test1@6d8a00e3]" name="f" duration-ms="4" started-at="2016-08-04T16:45:10Z" finished-at="2016-08-04T16:45:10Z">
          <reporter-output>
          </reporter-output>
        </test-method> <!-- f -->
        <test-method status="PASS" signature="tearDown()[pri:0, instance:test.Test1@6d8a00e3]" name="tearDown" is-config="true" duration-ms="35" started-at="2016-08-04T16:45:10Z" finished-at="2016-08-04T16:45:10Z">
          <reporter-output>
          </reporter-output>
        </test-method> <!-- tearDown -->
      </class> <!-- test.Test1 -->
    </test> <!-- Default test -->
  </suite> <!-- Default suite -->
</testng-results>
